<?xml version="1.0" encoding="UTF-8"?>
<!-- Generated by org.testng.reporters.JUnitXMLReporter -->
<testsuite ignored="0" hostname="ABHIII" failures="0" tests="2" name="Test" time="0.07" errors="0" timestamp="2026-05-01T16:23:23 IST">
  <testcase classname="base.Basetest" name="@BeforeSuite setupReport" time="0.08">
    <failure type="java.nio.file.InvalidPathException" message="Illegal char &amp;lt;:&amp;gt; at index 35: reports\Extent_report_2026-05-01_16:23:23html">
      <![CDATA[java.nio.file.InvalidPathException: Illegal char <:> at index 35: reports\Extent_report_2026-05-01_16:23:23html
at java.base/sun.nio.fs.WindowsPathParser.normalize(WindowsPathParser.java:204)
at java.base/sun.nio.fs.WindowsPathParser.parse(WindowsPathParser.java:175)
at java.base/sun.nio.fs.WindowsPathParser.parse(WindowsPathParser.java:77)
at java.base/sun.nio.fs.WindowsPath.parse(WindowsPath.java:92)
at java.base/sun.nio.fs.WindowsFileSystem.getPath(WindowsFileSystem.java:231)
at java.base/java.io.File.toPath(File.java:2401)
at com.aventstack.extentreports.reporter.AbstractFileReporter.<init>(AbstractFileReporter.java:40)
at com.aventstack.extentreports.reporter.ExtentSparkReporter.<init>(ExtentSparkReporter.java:51)
at utils.ExtentReportManager.getReportInstance(ExtentReportManager.java:22)
at base.Basetest.setupReport(Basetest.java:27)
... Removed 17 stack frames]]>
    </failure>
  </testcase> <!-- @BeforeSuite setupReport -->
  <testcase classname="base.Basetest" name="@BeforeMethod setup" time="0.0">
    <skipped/>
  </testcase> <!-- @BeforeMethod setup -->
  <testcase classname="base.Basetest" name="@AfterMethod teardown" time="0.0">
    <skipped/>
  </testcase> <!-- @AfterMethod teardown -->
  <testcase classname="base.Basetest" name="@BeforeMethod setup" time="0.0">
    <skipped/>
  </testcase> <!-- @BeforeMethod setup -->
  <testcase classname="base.Basetest" name="@AfterMethod teardown" time="0.0">
    <skipped/>
  </testcase> <!-- @AfterMethod teardown -->
  <testcase classname="tests.LoginPageTest" name="invalidlogin" time="0.001">
    <skipped/>
  </testcase> <!-- invalidlogin -->
  <testcase classname="tests.LoginPageTest" name="validlogin" time="0.0">
    <skipped/>
  </testcase> <!-- validlogin -->
</testsuite> <!-- Test -->
