<?xml version="1.0" encoding="UTF-8"?>
<testng-results ignored="0" total="1" passed="1" failed="0" skipped="0">
  <reporter-output>
  </reporter-output>
  <suite started-at="2026-04-30T18:58:19 IST" name="Suite" finished-at="2026-04-30T18:58:29 IST" duration-ms="9095">
    <groups>
    </groups>
    <test started-at="2026-04-30T18:58:19 IST" name="Test" finished-at="2026-04-30T18:58:29 IST" duration-ms="9095">
      <class name="tests.LoginPageTest">
        <test-method is-config="true" signature="setup()[pri:0, instance:tests.LoginPageTest@5fe94a96]" started-at="2026-04-30T18:58:19 IST" name="setup" finished-at="2026-04-30T18:58:27 IST" duration-ms="7435" status="PASS">
          <reporter-output>
          </reporter-output>
        </test-method> <!-- setup -->
        <test-method signature="validlogin()[pri:0, instance:tests.LoginPageTest@5fe94a96]" started-at="2026-04-30T18:58:27 IST" name="validlogin" finished-at="2026-04-30T18:58:28 IST" duration-ms="1190" status="PASS">
          <reporter-output>
          </reporter-output>
        </test-method> <!-- validlogin -->
        <test-method is-config="true" signature="teardown()[pri:0, instance:tests.LoginPageTest@5fe94a96]" started-at="2026-04-30T18:58:28 IST" name="teardown" finished-at="2026-04-30T18:58:29 IST" duration-ms="396" status="PASS">
          <reporter-output>
          </reporter-output>
        </test-method> <!-- teardown -->
      </class> <!-- tests.LoginPageTest -->
    </test> <!-- Test -->
  </suite> <!-- Suite -->
</testng-results>
