<?xml version="1.0" encoding="UTF-8"?>
<testng-results ignored="0" total="1" passed="1" failed="0" skipped="0">
  <reporter-output>
  </reporter-output>
  <suite started-at="2026-05-02T00:51:24 IST" name="Default suite" finished-at="2026-05-02T00:51:39 IST" duration-ms="14918">
    <groups>
    </groups>
    <test started-at="2026-05-02T00:51:24 IST" name="Default test" finished-at="2026-05-02T00:51:39 IST" duration-ms="14918">
      <class name="tests.Cntlink">
        <test-method is-config="true" signature="setupReport()[pri:0, instance:tests.Cntlink@3cd3e762]" started-at="2026-05-02T00:51:24 IST" name="setupReport" finished-at="2026-05-02T00:51:24 IST" duration-ms="586" status="PASS">
          <reporter-output>
          </reporter-output>
        </test-method> <!-- setupReport -->
        <test-method is-config="true" signature="setup()[pri:0, instance:tests.Cntlink@3cd3e762]" started-at="2026-05-02T00:51:24 IST" name="setup" finished-at="2026-05-02T00:51:33 IST" duration-ms="8891" status="PASS">
          <reporter-output>
          </reporter-output>
        </test-method> <!-- setup -->
        <test-method signature="stringcount()[pri:0, instance:tests.Cntlink@3cd3e762]" started-at="2026-05-02T00:51:33 IST" name="stringcount" finished-at="2026-05-02T00:51:38 IST" duration-ms="5358" status="PASS">
          <reporter-output>
          </reporter-output>
        </test-method> <!-- stringcount -->
        <test-method is-config="true" signature="teardown(org.testng.ITestResult)[pri:0, instance:tests.Cntlink@3cd3e762]" started-at="2026-05-02T00:51:39 IST" name="teardown" finished-at="2026-05-02T00:51:39 IST" duration-ms="550" status="PASS">
          <params>
            <param index="0">
              <value>
                <![CDATA[[TestResult name=stringcount status=SUCCESS method=Cntlink.stringcount()[pri:0, instance:tests.Cntlink@3cd3e762] output={null}]]]>
              </value>
            </param>
          </params>
          <reporter-output>
          </reporter-output>
        </test-method> <!-- teardown -->
        <test-method is-config="true" signature="teardownReport()[pri:0, instance:tests.Cntlink@3cd3e762]" started-at="2026-05-02T00:51:39 IST" name="teardownReport" finished-at="2026-05-02T00:51:40 IST" duration-ms="808" status="PASS">
          <reporter-output>
          </reporter-output>
        </test-method> <!-- teardownReport -->
      </class> <!-- tests.Cntlink -->
    </test> <!-- Default test -->
  </suite> <!-- Default suite -->
</testng-results>
